<?xml version="1.0" encoding="UTF-8"?>
<testsuite xmlns:xsi="http://www.w3.org/2001/XMLSchema-instance" xsi:noNamespaceSchemaLocation="https://maven.apache.org/surefire/maven-surefire-plugin/xsd/surefire-test-report-3.0.xsd" version="3.0" name="petriNetTest" time="0.057" tests="2" errors="0" skipped="0" failures="0">
  <properties>
[...]
</properties>
  <testcase name="fireTest1" classname="petriNetTest" time="0.025">
    <system-out><![CDATA[petriNetTest: fireTest1 Test Passed
]]></system-out>
  </testcase>
  <testcase name="fireTest2" classname="petriNetTest" time="0.0">
    <system-out><![CDATA[petriNetTest: fireTest1 Test Passed
]]></system-out>
  </testcase>
</testsuite>